<?xml version="1.0" encoding="UTF-8"?>
<!-- Generated by org.testng.reporters.JUnitXMLReporter -->
<testsuite ignored="0" hostname="Megha-PC" failures="0" tests="7" name="Test" time="10.9" errors="0" timestamp="2021-06-05T15:34:56 IST">
  <testcase classname="com.test.classes.TestPinPage" name="@BeforeClass beforeClass" time="0.001">
    <failure type="java.lang.NullPointerException" message="Cannot invoke &amp;quot;org.openqa.selenium.SearchContext.findElement(org.openqa.selenium.By)&amp;quot; because &amp;quot;this.searchContext&amp;quot; is null">
      <![CDATA[java.lang.NullPointerException: Cannot invoke "org.openqa.selenium.SearchContext.findElement(org.openqa.selenium.By)" because "this.searchContext" is null
at org.openqa.selenium.support.pagefactory.DefaultElementLocator.findElement(DefaultElementLocator.java:69)
at org.openqa.selenium.support.pagefactory.internal.LocatingElementHandler.invoke(LocatingElementHandler.java:38)
at com.sun.proxy.$Proxy13.getText(Unknown Source)
at com.pom.classes.LoginPage.getPinLabel(LoginPage.java:72)
at com.test.classes.TestPinPage.beforeClass(TestPinPage.java:21)
at java.base/java.util.ArrayList.forEach(ArrayList.java:1511)
... Removed 25 stack frames]]>
    </failure>
  </testcase> <!-- @BeforeClass beforeClass -->
  <testcase classname="com.test.classes.TestPinPage" name="@AfterClass afterClass" time="-1.622887496086E9">
    <skipped/>
  </testcase> <!-- @AfterClass afterClass -->
  <testcase classname="com.test.classes.TestLoginPageClass" name="verifyUserIDTextbox" time="1.138"/>
  <testcase classname="com.test.classes.TestLoginPageClass" name="verifyPasswordTextbox" time="2.078"/>
  <testcase classname="com.test.classes.TestLoginPageClass" name="verifyLoginButton" time="2.047"/>
  <testcase classname="com.test.classes.TestLoginPageClass" name="verifyCredentials" time="5.498"/>
  <testcase classname="com.test.classes.TestPinPage" name="verifyPage" time="0.0">
    <skipped/>
  </testcase> <!-- verifyPage -->
  <testcase classname="com.test.classes.TestPinPage" name="verifyPinTextBox" time="0.0">
    <skipped/>
  </testcase> <!-- verifyPinTextBox -->
  <testcase classname="com.test.classes.TestPinPage" name="verifyContinueButton" time="0.0">
    <skipped/>
  </testcase> <!-- verifyContinueButton -->
</testsuite> <!-- Test -->
